#! /opt/homebrew/Cellar/icarus-verilog/12.0/bin/vvp
:ivl_version "12.0 (stable)";
:ivl_delay_selection "TYPICAL";
:vpi_time_precision + 0;
:vpi_module "/opt/homebrew/Cellar/icarus-verilog/12.0/lib/ivl/system.vpi";
:vpi_module "/opt/homebrew/Cellar/icarus-verilog/12.0/lib/ivl/vhdl_sys.vpi";
:vpi_module "/opt/homebrew/Cellar/icarus-verilog/12.0/lib/ivl/vhdl_textio.vpi";
:vpi_module "/opt/homebrew/Cellar/icarus-verilog/12.0/lib/ivl/v2005_math.vpi";
:vpi_module "/opt/homebrew/Cellar/icarus-verilog/12.0/lib/ivl/va_math.vpi";
:vpi_module "/opt/homebrew/Cellar/icarus-verilog/12.0/lib/ivl/v2009.vpi";
S_0x1280041c0 .scope package, "$unit" "$unit" 2 1;
 .timescale 0 0;
S_0x128009900 .scope module, "cpu" "cpu" 3 1;
 .timescale 0 0;
    .port_info 0 /INPUT 1 "clock";
    .port_info 1 /INPUT 1 "reset";
P_0x600001d88100 .param/l "ADDRESS_SPACE" 1 3 5, +C4<00000000000000000000000000010000>;
P_0x600001d88140 .param/l "DATA_SIZE" 1 3 3, +C4<00000000000000000000000000001000>;
P_0x600001d88180 .param/l "INSTRUCTION_SIZE" 1 3 4, +C4<00000000000000000000000000011000>;
P_0x600001d881c0 .param/l "STACK_TOP" 1 3 7, +C4<000000000000000000000000000000000111111111111111>;
v0x60000138d290_0 .net *"_ivl_0", 7 0, L_0x60000108c0a0;  1 drivers
L_0x110040058 .functor BUFT 1, C4<00000000000000000>, C4<0>, C4<0>, C4<0>;
v0x60000138d320_0 .net *"_ivl_11", 16 0, L_0x110040058;  1 drivers
L_0x1100400a0 .functor BUFT 1, C4<00000000000000000000000000000001>, C4<0>, C4<0>, C4<0>;
v0x60000138d3b0_0 .net/2u *"_ivl_12", 31 0, L_0x1100400a0;  1 drivers
v0x60000138d440_0 .net *"_ivl_14", 31 0, L_0x60000108c320;  1 drivers
v0x60000138d4d0_0 .net *"_ivl_16", 7 0, L_0x60000108c3c0;  1 drivers
v0x60000138d560_0 .net *"_ivl_18", 31 0, L_0x60000108c460;  1 drivers
v0x60000138d5f0_0 .net *"_ivl_2", 15 0, L_0x60000108c140;  1 drivers
L_0x1100400e8 .functor BUFT 1, C4<00000000000000000>, C4<0>, C4<0>, C4<0>;
v0x60000138d680_0 .net *"_ivl_21", 16 0, L_0x1100400e8;  1 drivers
L_0x110040130 .functor BUFT 1, C4<00000000000000000000000000000010>, C4<0>, C4<0>, C4<0>;
v0x60000138d710_0 .net/2u *"_ivl_22", 31 0, L_0x110040130;  1 drivers
v0x60000138d7a0_0 .net *"_ivl_24", 31 0, L_0x60000108c500;  1 drivers
v0x60000138d830_0 .net *"_ivl_29", 4 0, L_0x60000108c640;  1 drivers
v0x60000138d8c0_0 .net *"_ivl_33", 1 0, L_0x60000108c780;  1 drivers
v0x60000138d950_0 .net *"_ivl_37", 1 0, L_0x60000108c8c0;  1 drivers
v0x60000138d9e0_0 .net *"_ivl_41", 7 0, L_0x60000108ca00;  1 drivers
v0x60000138da70_0 .net *"_ivl_45", 15 0, L_0x60000108cb40;  1 drivers
L_0x110040010 .functor BUFT 1, C4<0>, C4<0>, C4<0>, C4<0>;
v0x60000138db00_0 .net *"_ivl_5", 0 0, L_0x110040010;  1 drivers
v0x60000138db90_0 .net *"_ivl_6", 7 0, L_0x60000108c1e0;  1 drivers
v0x60000138dc20_0 .net *"_ivl_8", 31 0, L_0x60000108c280;  1 drivers
o0x110008370 .functor BUFZ 1, C4<z>; HiZ drive
v0x60000138dcb0_0 .net "clock", 0 0, o0x110008370;  0 drivers
v0x60000138dd40_0 .net "fetch", 23 0, L_0x60000108c5a0;  1 drivers
v0x60000138ddd0_0 .net "immediate", 0 0, L_0x60000108caa0;  1 drivers
v0x60000138de60_0 .net "memory", 0 0, L_0x60000108cbe0;  1 drivers
v0x60000138def0_0 .net "opcode", 0 0, L_0x60000108c6e0;  1 drivers
v0x60000138df80_0 .net "operand1", 0 0, L_0x60000108c820;  1 drivers
v0x60000138e010_0 .net "operand2", 0 0, L_0x60000108c960;  1 drivers
v0x60000138e0a0_0 .var "program_counter", 14 0;
v0x60000138e130 .array "ram", 32767 0, 7 0;
v0x60000138e1c0 .array "register_file", 3 0, 7 0;
o0x1100084f0 .functor BUFZ 1, C4<z>; HiZ drive
v0x60000138e250_0 .net "reset", 0 0, o0x1100084f0;  0 drivers
v0x60000138e2e0 .array "rom", 16383 0, 7 0;
v0x60000138e370_0 .var "stack_pointer", 7 0;
E_0x600003487340 .event posedge, v0x60000138dcb0_0;
L_0x60000108c0a0 .array/port v0x60000138e2e0, L_0x60000108c140;
L_0x60000108c140 .concat [ 15 1 0 0], v0x60000138e0a0_0, L_0x110040010;
L_0x60000108c1e0 .array/port v0x60000138e2e0, L_0x60000108c320;
L_0x60000108c280 .concat [ 15 17 0 0], v0x60000138e0a0_0, L_0x110040058;
L_0x60000108c320 .arith/sum 32, L_0x60000108c280, L_0x1100400a0;
L_0x60000108c3c0 .array/port v0x60000138e2e0, L_0x60000108c500;
L_0x60000108c460 .concat [ 15 17 0 0], v0x60000138e0a0_0, L_0x1100400e8;
L_0x60000108c500 .arith/sum 32, L_0x60000108c460, L_0x110040130;
L_0x60000108c5a0 .concat [ 8 8 8 0], L_0x60000108c3c0, L_0x60000108c1e0, L_0x60000108c0a0;
L_0x60000108c640 .part L_0x60000108c5a0, 19, 5;
L_0x60000108c6e0 .part L_0x60000108c640, 0, 1;
L_0x60000108c780 .part L_0x60000108c5a0, 18, 2;
L_0x60000108c820 .part L_0x60000108c780, 0, 1;
L_0x60000108c8c0 .part L_0x60000108c5a0, 16, 2;
L_0x60000108c960 .part L_0x60000108c8c0, 0, 1;
L_0x60000108ca00 .part L_0x60000108c5a0, 8, 8;
L_0x60000108caa0 .part L_0x60000108ca00, 0, 1;
L_0x60000108cb40 .part L_0x60000108c5a0, 0, 16;
L_0x60000108cbe0 .part L_0x60000108cb40, 0, 1;
    .scope S_0x128009900;
T_0 ;
    %end;
    .thread T_0;
    .scope S_0x128009900;
T_1 ;
    %wait E_0x600003487340;
    %load/vec4 v0x60000138e250_0;
    %flag_set/vec4 8;
    %jmp/0xz  T_1.0, 8;
    %jmp T_1.1;
T_1.0 ;
    %load/vec4 v0x60000138def0_0;
    %pad/u 4;
    %dup/vec4;
    %pushi/vec4 0, 0, 4;
    %cmp/u;
    %jmp/1 T_1.2, 6;
    %dup/vec4;
    %pushi/vec4 1, 0, 4;
    %cmp/u;
    %jmp/1 T_1.3, 6;
    %dup/vec4;
    %pushi/vec4 2, 0, 4;
    %cmp/u;
    %jmp/1 T_1.4, 6;
    %dup/vec4;
    %pushi/vec4 3, 0, 4;
    %cmp/u;
    %jmp/1 T_1.5, 6;
    %dup/vec4;
    %pushi/vec4 4, 0, 4;
    %cmp/u;
    %jmp/1 T_1.6, 6;
    %dup/vec4;
    %pushi/vec4 5, 0, 4;
    %cmp/u;
    %jmp/1 T_1.7, 6;
    %dup/vec4;
    %pushi/vec4 6, 0, 4;
    %cmp/u;
    %jmp/1 T_1.8, 6;
    %dup/vec4;
    %pushi/vec4 7, 0, 4;
    %cmp/u;
    %jmp/1 T_1.9, 6;
    %dup/vec4;
    %pushi/vec4 8, 0, 4;
    %cmp/u;
    %jmp/1 T_1.10, 6;
    %dup/vec4;
    %pushi/vec4 9, 0, 4;
    %cmp/u;
    %jmp/1 T_1.11, 6;
    %dup/vec4;
    %pushi/vec4 10, 0, 4;
    %cmp/u;
    %jmp/1 T_1.12, 6;
    %dup/vec4;
    %pushi/vec4 11, 0, 4;
    %cmp/u;
    %jmp/1 T_1.13, 6;
    %dup/vec4;
    %pushi/vec4 12, 0, 4;
    %cmp/u;
    %jmp/1 T_1.14, 6;
    %dup/vec4;
    %pushi/vec4 13, 0, 4;
    %cmp/u;
    %jmp/1 T_1.15, 6;
    %dup/vec4;
    %pushi/vec4 14, 0, 4;
    %cmp/u;
    %jmp/1 T_1.16, 6;
    %dup/vec4;
    %pushi/vec4 15, 0, 4;
    %cmp/u;
    %jmp/1 T_1.17, 6;
    %jmp T_1.18;
T_1.2 ;
    %load/vec4 v0x60000138e010_0;
    %pad/u 4;
    %ix/vec4 4;
    %load/vec4a v0x60000138e1c0, 4;
    %load/vec4 v0x60000138df80_0;
    %pad/u 4;
    %ix/vec4 4;
    %store/vec4a v0x60000138e1c0, 4, 0;
    %jmp T_1.18;
T_1.3 ;
    %load/vec4 v0x60000138ddd0_0;
    %pad/u 8;
    %load/vec4 v0x60000138df80_0;
    %pad/u 4;
    %ix/vec4 4;
    %store/vec4a v0x60000138e1c0, 4, 0;
    %jmp T_1.18;
T_1.4 ;
    %load/vec4 v0x60000138e010_0;
    %pad/u 17;
    %ix/vec4 4;
    %load/vec4a v0x60000138e130, 4;
    %load/vec4 v0x60000138df80_0;
    %pad/u 4;
    %ix/vec4 4;
    %store/vec4a v0x60000138e1c0, 4, 0;
    %jmp T_1.18;
T_1.5 ;
    %load/vec4 v0x60000138e010_0;
    %pad/u 4;
    %ix/vec4 4;
    %load/vec4a v0x60000138e1c0, 4;
    %load/vec4 v0x60000138df80_0;
    %pad/u 17;
    %ix/vec4 4;
    %store/vec4a v0x60000138e130, 4, 0;
    %jmp T_1.18;
T_1.6 ;
    ; show_stmt_assign_vector: Get l-value for compressed += operand
    %load/vec4 v0x60000138df80_0;
    %pad/u 4;
    %ix/vec4 4;
    %flag_mov 8, 4;
    %load/vec4a v0x60000138e1c0, 4;
    %load/vec4 v0x60000138e010_0;
    %pad/u 4;
    %ix/vec4 5;
    %load/vec4a v0x60000138e1c0, 5;
    %add;
    %flag_mov 4, 8;
    %store/vec4a v0x60000138e1c0, 4, 0;
    %jmp T_1.18;
T_1.7 ;
    ; show_stmt_assign_vector: Get l-value for compressed -= operand
    %load/vec4 v0x60000138df80_0;
    %pad/u 4;
    %ix/vec4 4;
    %flag_mov 8, 4;
    %load/vec4a v0x60000138e1c0, 4;
    %load/vec4 v0x60000138e010_0;
    %pad/u 4;
    %ix/vec4 5;
    %load/vec4a v0x60000138e1c0, 5;
    %sub;
    %flag_mov 4, 8;
    %store/vec4a v0x60000138e1c0, 4, 0;
    %jmp T_1.18;
T_1.8 ;
    ; show_stmt_assign_vector: Get l-value for compressed &= operand
    %load/vec4 v0x60000138df80_0;
    %pad/u 4;
    %ix/vec4 4;
    %flag_mov 8, 4;
    %load/vec4a v0x60000138e1c0, 4;
    %load/vec4 v0x60000138e010_0;
    %pad/u 4;
    %ix/vec4 5;
    %load/vec4a v0x60000138e1c0, 5;
    %and;
    %flag_mov 4, 8;
    %store/vec4a v0x60000138e1c0, 4, 0;
    %jmp T_1.18;
T_1.9 ;
    ; show_stmt_assign_vector: Get l-value for compressed |= operand
    %load/vec4 v0x60000138df80_0;
    %pad/u 4;
    %ix/vec4 4;
    %flag_mov 8, 4;
    %load/vec4a v0x60000138e1c0, 4;
    %load/vec4 v0x60000138e010_0;
    %pad/u 4;
    %ix/vec4 5;
    %load/vec4a v0x60000138e1c0, 5;
    %or;
    %flag_mov 4, 8;
    %store/vec4a v0x60000138e1c0, 4, 0;
    %jmp T_1.18;
T_1.10 ;
    ; show_stmt_assign_vector: Get l-value for compressed ^= operand
    %load/vec4 v0x60000138df80_0;
    %pad/u 4;
    %ix/vec4 4;
    %flag_mov 8, 4;
    %load/vec4a v0x60000138e1c0, 4;
    %load/vec4 v0x60000138e010_0;
    %pad/u 4;
    %ix/vec4 5;
    %load/vec4a v0x60000138e1c0, 5;
    %xor;
    %flag_mov 4, 8;
    %store/vec4a v0x60000138e1c0, 4, 0;
    %jmp T_1.18;
T_1.11 ;
    %load/vec4 v0x60000138e010_0;
    %pad/u 4;
    %ix/vec4 4;
    %load/vec4a v0x60000138e1c0, 4;
    %inv;
    %load/vec4 v0x60000138df80_0;
    %pad/u 4;
    %ix/vec4 4;
    %store/vec4a v0x60000138e1c0, 4, 0;
    %jmp T_1.18;
T_1.12 ;
    %load/vec4 v0x60000138e0a0_0;
    %parti/s 7, 8, 5;
    %pad/u 8;
    %pushi/vec4 32767, 0, 48;
    %load/vec4 v0x60000138e370_0;
    %pad/u 48;
    %sub;
    %ix/vec4 4;
    %store/vec4a v0x60000138e130, 4, 0;
    ; show_stmt_assign_vector: Get l-value for compressed += operand
    %load/vec4 v0x60000138e370_0;
    %pushi/vec4 1, 0, 8;
    %add;
    %store/vec4 v0x60000138e370_0, 0, 8;
    %load/vec4 v0x60000138e0a0_0;
    %parti/s 8, 0, 2;
    %pushi/vec4 32767, 0, 48;
    %load/vec4 v0x60000138e370_0;
    %pad/u 48;
    %sub;
    %ix/vec4 4;
    %store/vec4a v0x60000138e130, 4, 0;
    ; show_stmt_assign_vector: Get l-value for compressed += operand
    %load/vec4 v0x60000138e370_0;
    %pushi/vec4 1, 0, 8;
    %add;
    %store/vec4 v0x60000138e370_0, 0, 8;
    %load/vec4 v0x60000138de60_0;
    %pad/u 15;
    %store/vec4 v0x60000138e0a0_0, 0, 15;
    %jmp T_1.18;
T_1.13 ;
    ; show_stmt_assign_vector: Get l-value for compressed -= operand
    %load/vec4 v0x60000138e370_0;
    %pushi/vec4 1, 0, 8;
    %sub;
    %store/vec4 v0x60000138e370_0, 0, 8;
    %pushi/vec4 32767, 0, 48;
    %load/vec4 v0x60000138e370_0;
    %pad/u 48;
    %sub;
    %ix/vec4 4;
    %load/vec4a v0x60000138e130, 4;
    %ix/load 4, 0, 0;
    %flag_set/imm 4, 0;
    %store/vec4 v0x60000138e0a0_0, 4, 8;
    ; show_stmt_assign_vector: Get l-value for compressed -= operand
    %load/vec4 v0x60000138e370_0;
    %pushi/vec4 1, 0, 8;
    %sub;
    %store/vec4 v0x60000138e370_0, 0, 8;
    %pushi/vec4 32767, 0, 48;
    %load/vec4 v0x60000138e370_0;
    %pad/u 48;
    %sub;
    %ix/vec4 4;
    %load/vec4a v0x60000138e130, 4;
    %pad/u 7;
    %ix/load 4, 8, 0;
    %flag_set/imm 4, 0;
    %store/vec4 v0x60000138e0a0_0, 4, 7;
    %jmp T_1.18;
T_1.14 ;
    %load/vec4 v0x60000138df80_0;
    %pad/u 4;
    %ix/vec4 4;
    %load/vec4a v0x60000138e1c0, 4;
    %pushi/vec4 32767, 0, 48;
    %load/vec4 v0x60000138e370_0;
    %pad/u 48;
    %sub;
    %ix/vec4 4;
    %store/vec4a v0x60000138e130, 4, 0;
    ; show_stmt_assign_vector: Get l-value for compressed += operand
    %load/vec4 v0x60000138e370_0;
    %pushi/vec4 1, 0, 8;
    %add;
    %store/vec4 v0x60000138e370_0, 0, 8;
    %jmp T_1.18;
T_1.15 ;
    ; show_stmt_assign_vector: Get l-value for compressed -= operand
    %load/vec4 v0x60000138e370_0;
    %pushi/vec4 1, 0, 8;
    %sub;
    %store/vec4 v0x60000138e370_0, 0, 8;
    %pushi/vec4 32767, 0, 48;
    %load/vec4 v0x60000138e370_0;
    %pad/u 48;
    %sub;
    %ix/vec4 4;
    %load/vec4a v0x60000138e130, 4;
    %load/vec4 v0x60000138df80_0;
    %pad/u 4;
    %ix/vec4 4;
    %store/vec4a v0x60000138e1c0, 4, 0;
    %jmp T_1.18;
T_1.16 ;
    %load/vec4 v0x60000138e010_0;
    %pad/u 4;
    %ix/vec4 4;
    %load/vec4a v0x60000138e1c0, 4;
    %pad/u 32;
    %cmpi/e 0, 0, 32;
    %jmp/0xz  T_1.19, 4;
    %load/vec4 v0x60000138de60_0;
    %pad/u 15;
    %store/vec4 v0x60000138e0a0_0, 0, 15;
T_1.19 ;
    %jmp T_1.18;
T_1.17 ;
    %jmp T_1.18;
T_1.18 ;
    %pop/vec4 1;
T_1.1 ;
    %jmp T_1;
    .thread T_1;
# The file index is used to find the file name in the following table.
:file_names 4;
    "N/A";
    "<interactive>";
    "-";
    "cpu.sv";
